<?xml version="1.0" encoding="utf-8"?>
<TestRun id="fb241b05-bc39-490c-a35d-9ed5f27dff92" name="@buildkitsandbox 2022-06-01 16:12:30" xmlns="http://microsoft.com/schemas/VisualStudio/TeamTest/2010">
  <Times creation="2022-06-01T16:12:30.0440697+00:00" queuing="2022-06-01T16:12:30.0440698+00:00" start="2022-06-01T16:12:29.1941002+00:00" finish="2022-06-01T16:12:30.0807285+00:00" />
  <TestSettings name="default" id="384ce6fd-61c9-4835-b426-6578d1aa3570">
    <Deployment runDeploymentRoot="_buildkitsandbox_2022-06-01_16_12_30" />
  </TestSettings>
  <Results>
    <UnitTestResult executionId="3d344460-1e10-40bd-9bd1-fb0f376933ee" testId="b84c3135-8b76-626d-6178-448d87431196" testName="CalculatorXunitTest.CalculatorXunitTests.Add_Theory(value1: -2, value2: 2, expect: 0)" computerName="buildkitsandbox" duration="00:00:00.0000028" startTime="2022-06-01T16:12:30.0068889+00:00" endTime="2022-06-01T16:12:30.0068889+00:00" testType="13cdc9d9-ddb5-4fa4-a97d-d965ccfc6d4b" outcome="Passed" testListId="8c84fa94-04c1-424b-9868-57a2d4851a1d" relativeResultsDirectory="3d344460-1e10-40bd-9bd1-fb0f376933ee" />
    <UnitTestResult executionId="1517ca47-0ae7-402f-97bc-3847653f64fc" testId="7da7c9ef-bbe2-cce6-f81c-184740919f60" testName="CalculatorXunitTest.CalculatorXunitTests.DivideFloatPoint" computerName="buildkitsandbox" duration="00:00:00.0025990" startTime="2022-06-01T16:12:30.0031836+00:00" endTime="2022-06-01T16:12:30.0032012+00:00" testType="13cdc9d9-ddb5-4fa4-a97d-d965ccfc6d4b" outcome="Passed" testListId="8c84fa94-04c1-424b-9868-57a2d4851a1d" relativeResultsDirectory="1517ca47-0ae7-402f-97bc-3847653f64fc" />
    <UnitTestResult executionId="434bf0b7-e6c2-4e7e-bb28-07f63251740d" testId="fc6e26a3-0d17-e9e0-2c06-2adb1edefa59" testName="CalculatorXunitTest.CalculatorXunitTests.Add_Theory(value1: -2147483648, value2: -1, expect: 2147483647)" computerName="buildkitsandbox" duration="00:00:00.0000341" startTime="2022-06-01T16:12:30.0068571+00:00" endTime="2022-06-01T16:12:30.0068571+00:00" testType="13cdc9d9-ddb5-4fa4-a97d-d965ccfc6d4b" outcome="Passed" testListId="8c84fa94-04c1-424b-9868-57a2d4851a1d" relativeResultsDirectory="434bf0b7-e6c2-4e7e-bb28-07f63251740d" />
    <UnitTestResult executionId="0d60989c-2fad-4475-9b44-c59282d1b7d4" testId="7b32953e-f043-17bb-74a1-36dfa388dbbe" testName="CalculatorXunitTest.CalculatorXunitTests.Subtract_TwoInt_ReturnValue" computerName="buildkitsandbox" duration="00:00:00.0000434" startTime="2022-06-01T16:12:30.0069321+00:00" endTime="2022-06-01T16:12:30.0069321+00:00" testType="13cdc9d9-ddb5-4fa4-a97d-d965ccfc6d4b" outcome="Passed" testListId="8c84fa94-04c1-424b-9868-57a2d4851a1d" relativeResultsDirectory="0d60989c-2fad-4475-9b44-c59282d1b7d4" />
    <UnitTestResult executionId="c886e1e4-4d81-4c00-b59e-2c0322cd95f1" testId="6098e3d2-f395-a74b-2293-4c4b5a70bbbf" testName="CalculatorXunitTest.CalculatorXunitTests.Add_TwoInt_ReturnValue" computerName="buildkitsandbox" duration="00:00:00.0000455" startTime="2022-06-01T16:12:30.0069904+00:00" endTime="2022-06-01T16:12:30.0069904+00:00" testType="13cdc9d9-ddb5-4fa4-a97d-d965ccfc6d4b" outcome="Passed" testListId="8c84fa94-04c1-424b-9868-57a2d4851a1d" relativeResultsDirectory="c886e1e4-4d81-4c00-b59e-2c0322cd95f1" />
    <UnitTestResult executionId="7c0fd414-395e-4ffb-85a4-e734272c18a8" testId="404a00a4-6b65-418d-bd9f-cd3c1f74a307" testName="CalculatorXunitTest.CalculatorXunitTests.Multply_TwoInt_ReturnValue" computerName="buildkitsandbox" duration="00:00:00.0000771" startTime="2022-06-01T16:12:30.0069121+00:00" endTime="2022-06-01T16:12:30.0069122+00:00" testType="13cdc9d9-ddb5-4fa4-a97d-d965ccfc6d4b" outcome="Passed" testListId="8c84fa94-04c1-424b-9868-57a2d4851a1d" relativeResultsDirectory="7c0fd414-395e-4ffb-85a4-e734272c18a8" />
    <UnitTestResult executionId="fe87d141-3a7a-45cf-a03b-fe94b487bcb2" testId="4bbc521a-ee2f-e574-fe24-7a66e38a48d7" testName="CalculatorXunitTest.CalculatorXunitTests.Add_Theory(value1: 1, value2: 2, expect: 3)" computerName="buildkitsandbox" duration="00:00:00.0000026" startTime="2022-06-01T16:12:30.0068730+00:00" endTime="2022-06-01T16:12:30.0068731+00:00" testType="13cdc9d9-ddb5-4fa4-a97d-d965ccfc6d4b" outcome="Passed" testListId="8c84fa94-04c1-424b-9868-57a2d4851a1d" relativeResultsDirectory="fe87d141-3a7a-45cf-a03b-fe94b487bcb2" />
    <UnitTestResult executionId="09d037fd-88e3-426b-93dd-7a46d5a8dd54" testId="cef92488-1f64-1b06-a4ed-e9c37f8aee49" testName="CalculatorXunitTest.CalculatorXunitTests.Test_is_running_in_linux_container" computerName="buildkitsandbox" duration="00:00:00.0001758" startTime="2022-06-01T16:12:30.0069658+00:00" endTime="2022-06-01T16:12:30.0069658+00:00" testType="13cdc9d9-ddb5-4fa4-a97d-d965ccfc6d4b" outcome="Passed" testListId="8c84fa94-04c1-424b-9868-57a2d4851a1d" relativeResultsDirectory="09d037fd-88e3-426b-93dd-7a46d5a8dd54" />
    <UnitTestResult executionId="4e59f4d0-f26e-491c-aea6-89a9a4aa7946" testId="279897a7-0142-5d22-38ec-9a9bfcf76f15" testName="CalculatorXunitTest.CalculatorXunitTests.Divide_TwoInt_ReturnValue" computerName="buildkitsandbox" duration="00:00:00.0000546" startTime="2022-06-01T16:12:30.0255825+00:00" endTime="2022-06-01T16:12:30.0255825+00:00" testType="13cdc9d9-ddb5-4fa4-a97d-d965ccfc6d4b" outcome="Passed" testListId="8c84fa94-04c1-424b-9868-57a2d4851a1d" relativeResultsDirectory="4e59f4d0-f26e-491c-aea6-89a9a4aa7946" />
    <UnitTestResult executionId="7ca61765-2a2a-4455-be0f-cf9903b11ad5" testId="aa91ea72-c6e4-db1a-750c-361f725e0dd0" testName="CalculatorXunitTest.CalculatorXunitTests.Add_Theory(value1: 2, value2: 3, expect: 5)" computerName="buildkitsandbox" duration="00:00:00.0020429" startTime="2022-06-01T16:12:30.0068067+00:00" endTime="2022-06-01T16:12:30.0068067+00:00" testType="13cdc9d9-ddb5-4fa4-a97d-d965ccfc6d4b" outcome="Passed" testListId="8c84fa94-04c1-424b-9868-57a2d4851a1d" relativeResultsDirectory="7ca61765-2a2a-4455-be0f-cf9903b11ad5" />
  </Results>
  <TestDefinitions>
    <UnitTest name="CalculatorXunitTest.CalculatorXunitTests.Add_Theory(value1: -2147483648, value2: -1, expect: 2147483647)" storage="/app/bin/release/net6.0/calculatorxunittest.dll" id="fc6e26a3-0d17-e9e0-2c06-2adb1edefa59">
      <Execution id="434bf0b7-e6c2-4e7e-bb28-07f63251740d" />
      <TestMethod codeBase="/app/bin/Release/net6.0/CalculatorXunitTest.dll" adapterTypeName="executor://xunit/VsTestRunner2/netcoreapp" className="CalculatorXunitTest.CalculatorXunitTests" name="Add_Theory" />
    </UnitTest>
    <UnitTest name="CalculatorXunitTest.CalculatorXunitTests.Multply_TwoInt_ReturnValue" storage="/app/bin/release/net6.0/calculatorxunittest.dll" id="404a00a4-6b65-418d-bd9f-cd3c1f74a307">
      <Execution id="7c0fd414-395e-4ffb-85a4-e734272c18a8" />
      <TestMethod codeBase="/app/bin/Release/net6.0/CalculatorXunitTest.dll" adapterTypeName="executor://xunit/VsTestRunner2/netcoreapp" className="CalculatorXunitTest.CalculatorXunitTests" name="Multply_TwoInt_ReturnValue" />
    </UnitTest>
    <UnitTest name="CalculatorXunitTest.CalculatorXunitTests.Add_Theory(value1: 1, value2: 2, expect: 3)" storage="/app/bin/release/net6.0/calculatorxunittest.dll" id="4bbc521a-ee2f-e574-fe24-7a66e38a48d7">
      <Execution id="fe87d141-3a7a-45cf-a03b-fe94b487bcb2" />
      <TestMethod codeBase="/app/bin/Release/net6.0/CalculatorXunitTest.dll" adapterTypeName="executor://xunit/VsTestRunner2/netcoreapp" className="CalculatorXunitTest.CalculatorXunitTests" name="Add_Theory" />
    </UnitTest>
    <UnitTest name="CalculatorXunitTest.CalculatorXunitTests.Subtract_TwoInt_ReturnValue" storage="/app/bin/release/net6.0/calculatorxunittest.dll" id="7b32953e-f043-17bb-74a1-36dfa388dbbe">
      <Execution id="0d60989c-2fad-4475-9b44-c59282d1b7d4" />
      <TestMethod codeBase="/app/bin/Release/net6.0/CalculatorXunitTest.dll" adapterTypeName="executor://xunit/VsTestRunner2/netcoreapp" className="CalculatorXunitTest.CalculatorXunitTests" name="Subtract_TwoInt_ReturnValue" />
    </UnitTest>
    <UnitTest name="CalculatorXunitTest.CalculatorXunitTests.Add_TwoInt_ReturnValue" storage="/app/bin/release/net6.0/calculatorxunittest.dll" id="6098e3d2-f395-a74b-2293-4c4b5a70bbbf">
      <Execution id="c886e1e4-4d81-4c00-b59e-2c0322cd95f1" />
      <TestMethod codeBase="/app/bin/Release/net6.0/CalculatorXunitTest.dll" adapterTypeName="executor://xunit/VsTestRunner2/netcoreapp" className="CalculatorXunitTest.CalculatorXunitTests" name="Add_TwoInt_ReturnValue" />
    </UnitTest>
    <UnitTest name="CalculatorXunitTest.CalculatorXunitTests.Divide_TwoInt_ReturnValue" storage="/app/bin/release/net6.0/calculatorxunittest.dll" id="279897a7-0142-5d22-38ec-9a9bfcf76f15">
      <Execution id="4e59f4d0-f26e-491c-aea6-89a9a4aa7946" />
      <TestMethod codeBase="/app/bin/Release/net6.0/CalculatorXunitTest.dll" adapterTypeName="executor://xunit/VsTestRunner2/netcoreapp" className="CalculatorXunitTest.CalculatorXunitTests" name="Divide_TwoInt_ReturnValue" />
    </UnitTest>
    <UnitTest name="CalculatorXunitTest.CalculatorXunitTests.Test_is_running_in_linux_container" storage="/app/bin/release/net6.0/calculatorxunittest.dll" id="cef92488-1f64-1b06-a4ed-e9c37f8aee49">
      <Execution id="09d037fd-88e3-426b-93dd-7a46d5a8dd54" />
      <TestMethod codeBase="/app/bin/Release/net6.0/CalculatorXunitTest.dll" adapterTypeName="executor://xunit/VsTestRunner2/netcoreapp" className="CalculatorXunitTest.CalculatorXunitTests" name="Test_is_running_in_linux_container" />
    </UnitTest>
    <UnitTest name="CalculatorXunitTest.CalculatorXunitTests.Add_Theory(value1: 2, value2: 3, expect: 5)" storage="/app/bin/release/net6.0/calculatorxunittest.dll" id="aa91ea72-c6e4-db1a-750c-361f725e0dd0">
      <Execution id="7ca61765-2a2a-4455-be0f-cf9903b11ad5" />
      <TestMethod codeBase="/app/bin/Release/net6.0/CalculatorXunitTest.dll" adapterTypeName="executor://xunit/VsTestRunner2/netcoreapp" className="CalculatorXunitTest.CalculatorXunitTests" name="Add_Theory" />
    </UnitTest>
    <UnitTest name="CalculatorXunitTest.CalculatorXunitTests.Add_Theory(value1: -2, value2: 2, expect: 0)" storage="/app/bin/release/net6.0/calculatorxunittest.dll" id="b84c3135-8b76-626d-6178-448d87431196">
      <Execution id="3d344460-1e10-40bd-9bd1-fb0f376933ee" />
      <TestMethod codeBase="/app/bin/Release/net6.0/CalculatorXunitTest.dll" adapterTypeName="executor://xunit/VsTestRunner2/netcoreapp" className="CalculatorXunitTest.CalculatorXunitTests" name="Add_Theory" />
    </UnitTest>
    <UnitTest name="CalculatorXunitTest.CalculatorXunitTests.DivideFloatPoint" storage="/app/bin/release/net6.0/calculatorxunittest.dll" id="7da7c9ef-bbe2-cce6-f81c-184740919f60">
      <Execution id="1517ca47-0ae7-402f-97bc-3847653f64fc" />
      <TestMethod codeBase="/app/bin/Release/net6.0/CalculatorXunitTest.dll" adapterTypeName="executor://xunit/VsTestRunner2/netcoreapp" className="CalculatorXunitTest.CalculatorXunitTests" name="DivideFloatPoint" />
    </UnitTest>
  </TestDefinitions>
  <TestEntries>
    <TestEntry testId="b84c3135-8b76-626d-6178-448d87431196" executionId="3d344460-1e10-40bd-9bd1-fb0f376933ee" testListId="8c84fa94-04c1-424b-9868-57a2d4851a1d" />
    <TestEntry testId="7da7c9ef-bbe2-cce6-f81c-184740919f60" executionId="1517ca47-0ae7-402f-97bc-3847653f64fc" testListId="8c84fa94-04c1-424b-9868-57a2d4851a1d" />
    <TestEntry testId="fc6e26a3-0d17-e9e0-2c06-2adb1edefa59" executionId="434bf0b7-e6c2-4e7e-bb28-07f63251740d" testListId="8c84fa94-04c1-424b-9868-57a2d4851a1d" />
    <TestEntry testId="7b32953e-f043-17bb-74a1-36dfa388dbbe" executionId="0d60989c-2fad-4475-9b44-c59282d1b7d4" testListId="8c84fa94-04c1-424b-9868-57a2d4851a1d" />
    <TestEntry testId="6098e3d2-f395-a74b-2293-4c4b5a70bbbf" executionId="c886e1e4-4d81-4c00-b59e-2c0322cd95f1" testListId="8c84fa94-04c1-424b-9868-57a2d4851a1d" />
    <TestEntry testId="404a00a4-6b65-418d-bd9f-cd3c1f74a307" executionId="7c0fd414-395e-4ffb-85a4-e734272c18a8" testListId="8c84fa94-04c1-424b-9868-57a2d4851a1d" />
    <TestEntry testId="4bbc521a-ee2f-e574-fe24-7a66e38a48d7" executionId="fe87d141-3a7a-45cf-a03b-fe94b487bcb2" testListId="8c84fa94-04c1-424b-9868-57a2d4851a1d" />
    <TestEntry testId="cef92488-1f64-1b06-a4ed-e9c37f8aee49" executionId="09d037fd-88e3-426b-93dd-7a46d5a8dd54" testListId="8c84fa94-04c1-424b-9868-57a2d4851a1d" />
    <TestEntry testId="279897a7-0142-5d22-38ec-9a9bfcf76f15" executionId="4e59f4d0-f26e-491c-aea6-89a9a4aa7946" testListId="8c84fa94-04c1-424b-9868-57a2d4851a1d" />
    <TestEntry testId="aa91ea72-c6e4-db1a-750c-361f725e0dd0" executionId="7ca61765-2a2a-4455-be0f-cf9903b11ad5" testListId="8c84fa94-04c1-424b-9868-57a2d4851a1d" />
  </TestEntries>
  <TestLists>
    <TestList name="Results Not in a List" id="8c84fa94-04c1-424b-9868-57a2d4851a1d" />
    <TestList name="All Loaded Results" id="19431567-8539-422a-85d7-44ee4e166bda" />
  </TestLists>
  <ResultSummary outcome="Completed">
    <Counters total="10" executed="10" passed="10" failed="0" error="0" timeout="0" aborted="0" inconclusive="0" passedButRunAborted="0" notRunnable="0" notExecuted="0" disconnected="0" warning="0" completed="0" inProgress="0" pending="0" />
    <Output>
      <StdOut>[xUnit.net 00:00:00.00] xUnit.net VSTest Adapter v2.4.3+1b45f5407b (64-bit .NET 6.0.5)
[xUnit.net 00:00:00.36]   Discovering: CalculatorXunitTest
[xUnit.net 00:00:00.40]   Discovered:  CalculatorXunitTest
[xUnit.net 00:00:00.40]   Starting:    CalculatorXunitTest
[xUnit.net 00:00:00.47]   Finished:    CalculatorXunitTest
</StdOut>
    </Output>
  </ResultSummary>
</TestRun>